             GGG   U   U  I  DDDD   EEEE
            G   G  U   U  I  D   D  E
            G      U   U  I  D   D  E
            G  GG  U   U  I  D   D  EEE
            G   G  U   U  I  D   D  E
            G   G  U   U  I  D   D  E
             GGG    UUU   I  DDDD   EEEE
   
 GUIDE Classification and Regression Trees and Forests
 Compiled with Intel Fortran 15.0.1 on Red Hat Enterprise Linux Server 6.8
 Version 24.9 (Build date: March 28, 2017)         
 Copyright (c) 1997-2017 Wei-Yin Loh. All rights reserved.
 This software is based upon work supported by the U.S. Army Research Office,
 the National Science Foundation and the National Institutes of Health.
  
 This job was started on: 04/06/17 at 22:51
  
 Classification tree
 Pruning by cross-validation
 Data description file: merged.dsc
 Training sample file: merged_nhtsa.txt
 Missing value code: NA
 Records in data file start on line 2
 Warning: N variables changed to S
 Dependent variable is HIC2
 Number of records in data file: 2793
 Length of longest data entry: 19
 Missing values found among categorical variables
 Separate categories will be created for missing categorical variables
 Number of classes: 2
 Warning: variable OCCHT is constant
 Class      #Cases    Proportion
 0            2560    0.91657716
 1             233    0.08342284
  
 Summary information (without x variables)
 d=dependent, b=split and fit cat variable using 0-1 dummies,
 c=split-only categorical, n=split and fit numerical, f=fit-only numerical,
 s=split-only numerical, w=weight
  Column  Name            Minimum      Maximum   #Categories       #Missing
       2  BARRIG     c                                     3
       3  BARSHP     c                                    21
       4  BARANG     s  -3.0000E+01   7.5000E+01                         22
       5  BARDIA     s  -1.0000E+01   1.0000E+03                       1231
       6  OCCTYP     c                                     8
       7  OCCAGE     s   0.0000E+00   9.9000E+01                       1158
       8  OCCSEX     c                                     4
       9  OCCHT      s   0.0000E+00   0.0000E+00                       1682
      10  OCCWT      s   0.0000E+00   7.9000E+01                       1680
      11  DUMSIZ     c                                     8
      12  HH         s   0.0000E+00   4.0770E+03                         73
      13  HW         s   0.0000E+00   6.4100E+03                         62
      14  HR         s  -1.0000E+01   6.0000E+02                         94
      15  HS         s  -3.3500E+02   2.7970E+03                        104
      16  CD         s   0.0000E+00   6.3680E+03                         77
      17  CS         s  -1.0000E+01   1.0000E+03                       1590
      18  AD         s   0.0000E+00   7.6300E+03                         98
      19  HD         s  -1.0000E+01   4.6500E+02                        100
      20  KD         s  -1.0000E+01   4.0100E+02                         53
      21  HB         s  -1.0000E+01   1.0000E+03                       1270
      22  NB         s  -1.0000E+01   1.0000E+03                       1269
      23  CB         s  -1.0000E+01   1.0000E+03                       1271
      24  KB         s  -1.0000E+01   1.0000E+03                       1273
      25  SEPOSN     c                                     5             10
      26  CTRL2      c                                     6              7
      29  TKSURF     c                                     5              3
      30  TKCOND     c                                     6              3
      31  TEMP       s  -1.8000E+01   7.0000E+01                         19
      32  RECTYP     c                                     6              2
      33  CLSSPD     s   0.0000E+00   9.9100E+01
      34  IMPANG     s  -7.5000E+01   7.5000E+01                          3
      35  OFFSET     s  -7.9500E+02   9.0000E+02                        410
      36  IMPPNT     s  -1.0000E+01   0.0000E+00                       1644
      37  MAKED      c                                    70
      38  MODELD     c                                   633
      40  BODY       c                                    19              5
      41  ENGINE     c                                    18              6
      42  ENGDSP     s   0.0000E+00   9.9900E+01                         35
      43  TRANSM     c                                     9             22
      44  VEHTWT     s   0.0000E+00   8.0560E+03                          4
      45  CURBWT     s   9.6500E+02   3.0960E+03                       2577
      46  WHLBAS     s   0.0000E+00   1.0000E+04                         37
      47  VEHLEN     s   0.0000E+00   1.1250E+04                         17
      48  VEHWID     s  -1.0000E+01   5.8350E+03                        100
      49  VEHCG      s   0.0000E+00   3.4350E+03                         64
      50  STRSEP     c                                     3            494
      51  COLMEC     c                                     9            102
      52  MODIND     c                                     4              7
      53  BX1        s   0.0000E+00   2.5397E+04                        200
      54  BX2        s   0.0000E+00   1.0732E+04                        225
      55  BX3        s   0.0000E+00   1.0001E+05                        226
      56  BX4        s   0.0000E+00   9.5000E+03                        225
      57  BX5        s   0.0000E+00   7.7640E+03                        225
      58  BX6        s   0.0000E+00   9.4870E+03                        224
      59  BX7        s   0.0000E+00   7.6130E+03                        224
      60  BX8        s   0.0000E+00   8.5830E+03                        224
      61  BX9        s   0.0000E+00   7.6770E+03                        224
      62  BX10       s   0.0000E+00   8.5800E+03                        223
      63  BX11       s   0.0000E+00   7.5380E+03                        224
      64  BX12       s   0.0000E+00   9.4690E+03                        223
      65  BX13       s   0.0000E+00   9.4690E+03                        223
      66  BX14       s   0.0000E+00   4.0001E+04                        223
      67  BX15       s   0.0000E+00   9.9110E+03                        226
      68  BX16       s   0.0000E+00   9.2790E+03                        224
      69  BX17       s   0.0000E+00   1.0846E+04                        224
      70  BX18       s   0.0000E+00   1.0831E+04                        223
      71  BX19       s   0.0000E+00   4.2304E+04                        201
      72  BX20       s   0.0000E+00   1.0881E+04                        201
      73  BX21       s   0.0000E+00   1.0846E+04                        228
      74  VEHSPD     s   0.0000E+00   9.9100E+01
      75  CRBANG     s  -7.5000E+01   9.9000E+01                          1
      76  PDOF       s  -3.0000E+01   1.8000E+02                          4
      77  CARANG     s   0.0000E+00   9.9000E+01                        949
      78  VEHOR      s   0.0000E+00   9.0000E+00                        953
      79  RST3PT     c                                     2
      80  RST5PT     c                                     1
      81  RSTABG     c                                     3
      82  RSTAGB     c                                     2
      83  RSTBSS     c                                     1
      84  RSTCSF     c                                     2
      85  RSTCSR     c                                     1
      86  RSTCUR     c                                     2
      87  RSTDAS     c                                     2
      88  RSTDPL     c                                     2
      89  RSTFRT     c                                     3
      90  RSTFSS     c                                     1
      91  RSTHDT     c                                     2
      92  RSTISS     c                                     1
      93  RSTKNE     c                                     2
      94  RSTLAP     c                                     2
      95  RSTNAP     c                                     2
      96  RSTNO      c                                     2
      97  RSTNON     c                                     3
      98  RSTOTH     c                                     2
      99  RSTPS2     c                                     2
     100  RSTPS3     c                                     2
     101  RSTSBK     c                                     2
     102  RSTSCE     c                                     2
     103  RSTSPA     c                                     2
     104  RSTSWE     c                                     2
     105  RSTTAP     c                                     2
     106  RSTTOR     c                                     2
     107  RSTUNK     c                                     2
     108  RSTVES     c                                     1
     109  HIC2       d                                     2
  
      Total  #cases w/   #missing
     #cases    miss. D  ord. vals   #X-var   #N-var   #F-var   #S-var   #B-var   #C-var
       2793          0       2579        6        0        0       56        0       48
 No. cases used for training: 2793
 No. cases excluded due to 0 weight or missing D: 0
  
 Univariate split highest priority
 Interaction and linear splits 2nd and 3rd priorities
 Pruning by v-fold cross-validation, with v = 10
 Selected tree is based on mean of CV estimates
 Simple node models
 Equal priors
 Unit misclassification costs
 Split values for N and S variables based on exhaustive search
 Max. number of split levels: 12
 Min. node sample size: 13
 Number of SE's for pruned tree:  0.0000E+00
  
 Size and CV mean cost and SE of subtrees:
  Tree   #Tnodes  Mean Cost   SE(Mean)   BSE(Mean)  Median Cost  BSE(Median)
    1       39   2.171E-01   1.732E-02   1.412E-02   2.218E-01   1.855E-02
    2       38   2.171E-01   1.732E-02   1.412E-02   2.218E-01   1.855E-02
    3       36   2.171E-01   1.732E-02   1.412E-02   2.218E-01   1.855E-02
    4       31   2.059E-01   1.611E-02   1.179E-02   2.017E-01   1.756E-02
    5**     29   2.037E-01   1.597E-02   1.225E-02   1.946E-01   1.994E-02
    6++     27   2.043E-01   1.597E-02   1.200E-02   1.946E-01   1.979E-02
    7       23   2.115E-01   1.585E-02   1.185E-02   2.070E-01   1.287E-02
    8       21   2.135E-01   1.585E-02   1.136E-02   2.070E-01   1.212E-02
    9       19   2.135E-01   1.585E-02   1.136E-02   2.070E-01   1.212E-02
   10       18   2.067E-01   1.520E-02   9.988E-03   2.070E-01   7.572E-03
   11       12   2.059E-01   1.447E-02   9.287E-03   2.079E-01   7.766E-03
   12        9   2.059E-01   1.447E-02   9.287E-03   2.079E-01   7.766E-03
   13        8   2.051E-01   1.416E-02   8.715E-03   2.079E-01   1.146E-02
   14        7   2.055E-01   1.416E-02   8.848E-03   2.119E-01   1.180E-02
   15        3   2.206E-01   1.388E-02   1.269E-02   2.148E-01   1.111E-02
   16        2   2.372E-01   1.714E-02   1.307E-02   2.256E-01   1.310E-02
   17        1   5.000E-01   3.137E-02   1.775E-17   5.000E-01   5.692E-17
  
 0-SE tree based on mean is marked with *
 0-SE tree based on median is marked with +
 Selected-SE tree based on mean using naive SE is marked with **
 Selected-SE tree based on mean using bootstrap SE is marked with --
 Selected-SE tree based on median and bootstrap SE is marked with ++
 ** tree same as -- tree
 + tree same as ++ tree
 * tree same as ** tree
 * tree same as -- tree
  
 Following tree is based on mean CV with naive SE estimate (**).
  
 Structure of final tree. Each terminal node is marked with a T.
  
 Node cost is node misclassification cost divided by number of training cases
        Node    Total    Train    Predicted        Node    Split          Interacting
       label    cases    cases    class            cost    variables      variable
           1     2793     2793    0              5.000E-01 COLMEC 
           2     1690     1690    0              1.465E-01 MODELD 
           4      161      161    1              3.312E-01 RSTFRT 
           8       26       26    1              1.104E-01 BARSHP 
          16T      13       13    1              1.628E-02 - 
          17T      13       13    0              0.000E+00 - 
           9      135      135    1              4.403E-01 DUMSIZ 
          18       39       39    0              3.726E-01 BARSHP 
          36       26       26    0              4.780E-01 HW 
          72T      13       13    1              3.336E-01 - 
          73T      13       13    0              0.000E+00 - 
          37T      13       13    0              0.000E+00 - 
          19       96       96    1              3.892E-01 HH +BX1
          38T      24       24    1              2.570E-01 - 
          39       72       72    1              4.580E-01 HH 
          78T      54       54    0              1.717E-01 - 
          79T      18       18    1              1.540E-01 - 
           5T    1529     1529    0              7.139E-03 - 
           3     1103     1103    1              2.826E-01 KB 
           6      715      715    1              4.408E-01 BARSHP 
          12      190      190    1              2.031E-01 ENGDSP 
          24       74       74    1              2.085E-01 TKCOND 
          48T      13       13    1              2.658E-02 - 
          49       61       61    1              3.446E-01 MODELD 
          98T      13       13    0              0.000E+00 - 
          99       48       48    1              2.828E-01 MAKED 
         198T      14       14    0              0.000E+00 - 
         199T      34       34    1              2.018E-01 VEHTWT 
          25T     116      116    1              1.997E-01 ENGDSP 
          13      525      525    0              3.448E-01 SEPOSN 
          26      186      186    0              1.945E-01 RSTFRT 
          52T      13       13    1              3.336E-01 - 
          53      173      173    0              1.139E-01 BX8 :BX16
         106      101      101    0              1.816E-01 TRANSM 
         212       36       36    0              3.926E-01 BX16 
         424T      22       22    0              0.000E+00 - 
         425T      14       14    1              3.532E-01 - 
         213T      65       65    0              0.000E+00 - 
         107T      72       72    0              0.000E+00 - 
          27      339      339    0              4.079E-01 CLSSPD 
          54      247      247    0              1.190E-01 BODY 
         108T      15       15    0              0.000E+00 - 
         109      232      232    0              1.258E-01 BODY 
         218T      25       25    0              0.000E+00 - 
         219T     207      207    0              1.391E-01 MODELD 
          55       92       92    1              2.865E-01 MODELD 
         110T      13       13    0              0.000E+00 - 
         111       79       79    1              2.492E-01 MODELD :VEHSPD
         222T      19       19    1              1.350E-01 - 
         223       60       60    1              3.128E-01 MODELD :VEHSPD
         446T      13       13    0              0.000E+00 - 
         447       47       47    1              2.519E-01 TRANSM 
         894       33       33    1              4.765E-01 TRANSM 
        1788T      18       18    1              3.128E-01 - 
        1789T      15       15    0              0.000E+00 - 
         895T      14       14    1              8.342E-02 - 
           7T     388      388    1              1.486E-01 RST3PT 
 Warning: tree very large, omitting node numbers in LaTeX file
  
 Number of terminal nodes of final tree: 29
 Total number of nodes of final tree: 57
 Second best split variable (based on curvature test) at root node is RSTDPL
  
 Classification tree:
 At each categorical variable split, values not in training data go right
  
  Node 1: COLMEC = "BWU", "NA", "UNK"
    Node 2: MODELD = "ASTRO", "BLAZER", "CAPRICE", "CARAVAN", "CENTURY",
            "DE VILLE", "ELANTRA", "EX35", "EXPLORER", "GRAND AM", "INTRIGUE",
            "LEGACY", "RAM", "RANGER", "RAV4", "S-10", "S10 BLAZER",
            "SILVERADO", "SPORTAGE", "TACOMA", "TRAILBLAZER", "VIGOR", "VUE"
      Node 4: RSTFRT = "0"
        Node 8: BARSHP = "LCB"
          Node 16: 1
        Node 8: BARSHP /= "LCB"
          Node 17: 0
      Node 4: RSTFRT /= "0"
        Node 9: DUMSIZ = "05", "3C"
          Node 18: BARSHP = "134", "EOL", "LCB", "OTH"
            Node 36: HW <=  6.16000E+02 or NA
              Node 72: 1
            Node 36: HW >  6.16000E+02
              Node 73: 0
          Node 18: BARSHP /= "134", "EOL", "LCB", "OTH"
            Node 37: 0
        Node 9: DUMSIZ /= "05", "3C"
          Node 19: -9.7954434E-02 * BX1 + HH <= -1.4137187E+02 or NA
            Node 38: 1
          Node 19: -9.7954434E-02 * BX1 + HH > -1.4137187E+02
            Node 39: HH <=  4.58500E+02
              Node 78: 0
            Node 39: HH >  4.58500E+02 or NA
              Node 79: 1
    Node 2: MODELD /= "ASTRO", "BLAZER", "CAPRICE", "CARAVAN", "CENTURY",
            "DE VILLE", "ELANTRA", "EX35", "EXPLORER", "GRAND AM", "INTRIGUE",
            "LEGACY", "RAM", "RANGER", "RAV4", "S-10", "S10 BLAZER",
            "SILVERADO", "SPORTAGE", "TACOMA", "TRAILBLAZER", "VIGOR", "VUE"
      Node 5: 0
  Node 1: COLMEC /= "BWU", "NA", "UNK"
    Node 3: KB = NA
      Node 6: BARSHP = "LCB", "UNK"
        Node 12: ENGDSP <=    2.25000 or NA
          Node 24: TKCOND = "OTH"
            Node 48: 1
          Node 24: TKCOND /= "OTH"
            Node 49: MODELD = "CIVIC", "DEFORMABLE IMPACTOR", "GALANT", "GL",
                    "LEGACY", "MIRAGE", "SL1", "STYLUS"
              Node 98: 0
            Node 49: MODELD /= "CIVIC", "DEFORMABLE IMPACTOR", "GALANT", "GL",
                    "LEGACY", "MIRAGE", "SL1", "STYLUS"
              Node 99: MAKED = "ACURA", "HONDA", "MAZDA", "MERCEDES"
                Node 198: 0
              Node 99: MAKED /= "ACURA", "HONDA", "MAZDA", "MERCEDES"
                Node 199: 1
        Node 12: ENGDSP >    2.25000
          Node 25: 1
      Node 6: BARSHP /= "LCB", "UNK"
        Node 13: SEPOSN = "FW"
          Node 26: RSTFRT = "0"
            Node 52: 1
          Node 26: RSTFRT /= "0"
            Node 53: BX8 <=  2.26100E+03
              Node 106: TRANSM = "AF", "AR"
                Node 212: BX16 <=  2.79850E+03 or NA
                  Node 424: 0
                Node 212: BX16 >  2.79850E+03
                  Node 425: 1
              Node 106: TRANSM /= "AF", "AR"
                Node 213: 0
            Node 53: BX8 >  2.26100E+03 or NA
              Node 107: 0
        Node 13: SEPOSN /= "FW"
          Node 27: CLSSPD <=   55.60000 or NA
            Node 54: BODY = "VN"
              Node 108: 0
            Node 54: BODY /= "VN"
              Node 109: BODY = "PU", "SW", "UV"
                Node 218: 0
              Node 109: BODY /= "PU", "SW", "UV"
                Node 219: 0
          Node 27: CLSSPD >   55.60000
            Node 55: MODELD = "740 GLE", "80", "9000", "929", "CHEROKEE",
                    "CORSICA", "EXCEL GLS", "LEGEND", "LEMANS", "LESABRE",
                    "MIATA", "TERCEL", "VAN"
              Node 110: 0
            Node 55: MODELD /= "740 GLE", "80", "9000", "929", "CHEROKEE",
                    "CORSICA", "EXCEL GLS", "LEGEND", "LEMANS", "LESABRE",
                    "MIATA", "TERCEL", "VAN"
              Node 111: MODELD = "FIREBIRD", "HHR", "HIGHLANDER", "HORIZON",
                      "HR-V", "HS250h", "I-MARK", "ILX HYBRID", "ILX",
                      "IMPALA", "IMPERIAL", "IMPREZA", "IMPULSE", "IMiEV",
                      "INSIGHT", "INTEGRA", "INTREPID", "INTRIGUE", "ION",
                      "IS250", "IS300", "J30", "JETTA", "JOURNEY", "JUKE",
                      "JUSTY", "JX", "K1500 PICKUP", "K20 PICKUP",
                      "K2500 PICKUP", "KING CAB PICKUP", "KIZASHI", "L200",
                      "LACROSSE", "LANCER", "LAND CRUISER", "LASER",
                      "LE BARON", "LE CAR", "LEAF", "LEGANZA", "LEGEND",
                      "LEMANS", "LEOPARD", "LESABRE", "LHS", "LIBERTY", "LR3",
                      "LS", "LTD", "LUCERNE", "LUMINA", "LUV", "LYNX", "M37",
                      "MAGNUM", "MALIBU ECO EASSIST", "MALIBU", "MARK",
                      "MARQUIS", "MATADOR", "MATRIX", "MAZDA3", "MAZDA5",
                      "MAZDA6", "MDX", "MEGANE", "MERKUR", "METRO", "MIATA",
                      "MIGHTY MAX", "MILLENIA", "MIRADA", "MKC", "MKS", "MKT",
                      "ML320", "ML350", "MODEL S", "MONARCH", "MONTANA",
                      "MONTE CARLO", "MONTERO SPORT", "MONTERO", "MONZA",
                      "MOTOR HOME", "MPV", "MR2", "MURANO", "MUSTANG", "MX3",
                      "MX5", "MX6", "MYSTIQUE", "NAVIGATOR", "NEON",
                      "NEW YORKER", "NEWPORT", "NITRO", "NOVA", "NUBIRA",
                      "NX200t", "ODYSSEY", "OMEGA", "OMNI", "OPTIMA", "OTHER",
                      "OUTBACK", "OUTLANDER SPORT", "OUTLANDER", "OUTLOOK",
                      "PACIFICA", "PARISIENNE", "PARK AVENUE", "PASEO",
                      "PASSAT", "PATHFINDER", "PATRIOT", "PILOT", "PRECIS",
                      "PRELUDE", "PREMIER", "PREVIA", "PRIUS C",
                      "PRIUS PLUG-IN", "PRIUS V", "PRIUS", "PRIZM", "PROBE",
                      "PT CRUISER", "PULSAR", "PUP", "Q5", "Q50", "Q7",
                      "QUANTUM", "QUEST", "RABBIT", "RAM 150", "RAM 250 VAN",
                      "RAM WAGON VAN", "RAM", "RAM1500", "RAMPAGE",
                      "RANGE ROVER SPORT", "RANGER", "RAV4", "RDX",
                      "REGAL EASSIST", "RELIANT", "S80", "SAMURAI",
                      "ST. REGIS", "STARLET", "STEALTH", "STORM", "STRADA",
                      "STRATUS", "STS", "STYLUS", "SUBURBAN", "SUMMIT",
                      "SUNBIRD", "SUNDANCE", "SUNFIRE", "SWIFT", "SX4",
                      "T100", "T1000", "TACOMA", "TAHOE", "TEMPO", "TERCEL",
                      "THUNDERBIRD", "TIBURON", "TIGUAN", "TITAN", "TL",
                      "TOPAZ", "TORINO", "TORONADO", "TOUAREG",
                      "TOWN AND COUNTRY", "TOWN CAR", "TRACKER",
                      "TRAILBLAZER EXT", "TRAILBLAZER", "TRANSIT CONNECT",
                      "TRANSIT VAN", "TRAVERSE", "TREDIA", "TREKKER",
                      "TRIBECA", "TROOPER II", "TROPICA", "TSX", "TUCSON",
                      "TUNDRA DOUBLE CAB", "TUNDRA", "TURBO Z", "UPLANDER",
                      "V70", "VAMOS L", "VAN", "VANAGON", "VANDURA", "VEGA",
                      "VELOSTER", "VENTURE", "VENZA", "VERACRUZ", "VERANO",
                      "VERONA", "VERSA NOTE", "VERSA", "VIGOR", "VILLAGER",
                      "VISION", "VITARA", "VITZ", "VOLARE", "VOLT", "VUE",
                      "WAGON R", "WAGON", "WINDSTAR"
                Node 222: 1
              Node 111: MODELD /= "FIREBIRD", "HHR", "HIGHLANDER", "HORIZON",
                      "HR-V", "HS250h", "I-MARK", "ILX HYBRID", "ILX",
                      "IMPALA", "IMPERIAL", "IMPREZA", "IMPULSE", "IMiEV",
                      "INSIGHT", "INTEGRA", "INTREPID", "INTRIGUE", "ION",
                      "IS250", "IS300", "J30", "JETTA", "JOURNEY", "JUKE",
                      "JUSTY", "JX", "K1500 PICKUP", "K20 PICKUP",
                      "K2500 PICKUP", "KING CAB PICKUP", "KIZASHI", "L200",
                      "LACROSSE", "LANCER", "LAND CRUISER", "LASER",
                      "LE BARON", "LE CAR", "LEAF", "LEGANZA", "LEGEND",
                      "LEMANS", "LEOPARD", "LESABRE", "LHS", "LIBERTY", "LR3",
                      "LS", "LTD", "LUCERNE", "LUMINA", "LUV", "LYNX", "M37",
                      "MAGNUM", "MALIBU ECO EASSIST", "MALIBU", "MARK",
                      "MARQUIS", "MATADOR", "MATRIX", "MAZDA3", "MAZDA5",
                      "MAZDA6", "MDX", "MEGANE", "MERKUR", "METRO", "MIATA",
                      "MIGHTY MAX", "MILLENIA", "MIRADA", "MKC", "MKS", "MKT",
                      "ML320", "ML350", "MODEL S", "MONARCH", "MONTANA",
                      "MONTE CARLO", "MONTERO SPORT", "MONTERO", "MONZA",
                      "MOTOR HOME", "MPV", "MR2", "MURANO", "MUSTANG", "MX3",
                      "MX5", "MX6", "MYSTIQUE", "NAVIGATOR", "NEON",
                      "NEW YORKER", "NEWPORT", "NITRO", "NOVA", "NUBIRA",
                      "NX200t", "ODYSSEY", "OMEGA", "OMNI", "OPTIMA", "OTHER",
                      "OUTBACK", "OUTLANDER SPORT", "OUTLANDER", "OUTLOOK",
                      "PACIFICA", "PARISIENNE", "PARK AVENUE", "PASEO",
                      "PASSAT", "PATHFINDER", "PATRIOT", "PILOT", "PRECIS",
                      "PRELUDE", "PREMIER", "PREVIA", "PRIUS C",
                      "PRIUS PLUG-IN", "PRIUS V", "PRIUS", "PRIZM", "PROBE",
                      "PT CRUISER", "PULSAR", "PUP", "Q5", "Q50", "Q7",
                      "QUANTUM", "QUEST", "RABBIT", "RAM 150", "RAM 250 VAN",
                      "RAM WAGON VAN", "RAM", "RAM1500", "RAMPAGE",
                      "RANGE ROVER SPORT", "RANGER", "RAV4", "RDX",
                      "REGAL EASSIST", "RELIANT", "S80", "SAMURAI",
                      "ST. REGIS", "STARLET", "STEALTH", "STORM", "STRADA",
                      "STRATUS", "STS", "STYLUS", "SUBURBAN", "SUMMIT",
                      "SUNBIRD", "SUNDANCE", "SUNFIRE", "SWIFT", "SX4",
                      "T100", "T1000", "TACOMA", "TAHOE", "TEMPO", "TERCEL",
                      "THUNDERBIRD", "TIBURON", "TIGUAN", "TITAN", "TL",
                      "TOPAZ", "TORINO", "TORONADO", "TOUAREG",
                      "TOWN AND COUNTRY", "TOWN CAR", "TRACKER",
                      "TRAILBLAZER EXT", "TRAILBLAZER", "TRANSIT CONNECT",
                      "TRANSIT VAN", "TRAVERSE", "TREDIA", "TREKKER",
                      "TRIBECA", "TROOPER II", "TROPICA", "TSX", "TUCSON",
                      "TUNDRA DOUBLE CAB", "TUNDRA", "TURBO Z", "UPLANDER",
                      "V70", "VAMOS L", "VAN", "VANAGON", "VANDURA", "VEGA",
                      "VELOSTER", "VENTURE", "VENZA", "VERACRUZ", "VERANO",
                      "VERONA", "VERSA NOTE", "VERSA", "VIGOR", "VILLAGER",
                      "VISION", "VITARA", "VITZ", "VOLARE", "VOLT", "VUE",
                      "WAGON R", "WAGON", "WINDSTAR"
                Node 223: MODELD = "100", "AMIGO", "BERETTA", "CALAIS", "CAMRY",
                        "CAVALIER", "CELICA", "RX", "SABLE", "SHADOW",
                        "SONATA", "STANZA", "STARION"
                  Node 446: 0
                Node 223: MODELD /= "100", "AMIGO", "BERETTA", "CALAIS", "CAMRY",
                        "CAVALIER", "CELICA", "RX", "SABLE", "SHADOW",
                        "SONATA", "STANZA", "STARION"
                  Node 447: TRANSM = "AF", "MF"
                    Node 894: TRANSM = "MF"
                      Node 1788: 1
                    Node 894: TRANSM /= "MF"
                      Node 1789: 0
                  Node 447: TRANSM /= "AF", "MF"
                    Node 895: 1
    Node 3: KB not NA
      Node 7: 1
 
 ***************************************************************
 
 In the following the predictor node mean is mean of complete cases.
  
 Node 1: Intermediate node
 A case goes into Node 2 if COLMEC =
  "BWU", "NA", "UNK"
 
 COLMEC mode = "UNK"
 Class      Number  ClassPrior
 0            2560     0.50000
 1             233     0.50000
 Number of training cases misclassified =  233
 Predicted class is 0
 ----------------------------
 Node 2: Intermediate node
 A case goes into Node 4 if MODELD =
  "ASTRO", "BLAZER", "CAPRICE", "CARAVAN", "CENTURY", "DE VILLE", "ELANTRA",
  "EX35", "EXPLORER", "GRAND AM", "INTRIGUE", "LEGACY", "RAM", "RANGER",
  "RAV4", "S-10", "S10 BLAZER", "SILVERADO", "SPORTAGE", "TACOMA",
  "TRAILBLAZER", "VIGOR", "VUE"
 
 MODELD mode = "ACCORD"
 Class      Number  ClassPrior
 0            1664     0.85348
 1              26     0.14652
 Number of training cases misclassified =  26
 Predicted class is 0
 ----------------------------
 Node 4: Intermediate node
 A case goes into Node 8 if RSTFRT = "0"
 
 RSTFRT mode = "1"
 Class      Number  ClassPrior
 0             136     0.33116
 1              25     0.66884
 Number of training cases misclassified =  136
 Predicted class is 1
 ----------------------------
 Node 8: Intermediate node
 A case goes into Node 16 if BARSHP = "LCB"
 
 BARSHP mode = "LCB"
 Class      Number  ClassPrior
 0              15     0.11041
 1              11     0.88959
 Number of training cases misclassified =  15
 Predicted class is 1
 ----------------------------
 Node 16: Terminal node
 Class      Number  ClassPrior
 0               2     0.01628
 1              11     0.98372
 Number of training cases misclassified =  2
 Predicted class is 1
 ----------------------------
 Node 17: Terminal node
 Class      Number  ClassPrior
 0              13     1.00000
 1               0     0.00000
 Number of training cases misclassified =  0
 Predicted class is 0
 ----------------------------
 Node 9: Intermediate node
 A case goes into Node 18 if DUMSIZ =
  "05", "3C"
 
 DUMSIZ mode = "50"
 Class      Number  ClassPrior
 0             121     0.44029
 1              14     0.55971
 Number of training cases misclassified =  121
 Predicted class is 1
 ----------------------------
 Node 18: Intermediate node
 A case goes into Node 36 if BARSHP =
  "134", "EOL", "LCB", "OTH"
 
 BARSHP mode = "LCB"
 Class      Number  ClassPrior
 0              37     0.62739
 1               2     0.37261
 Number of training cases misclassified =  2
 Predicted class is 0
 ----------------------------
 Node 36: Intermediate node
 A case goes into Node 72 if HW <=  6.1600000E+02 or NA
 HW mean:  6.3232E+02
 Class      Number  ClassPrior
 0              24     0.52203
 1               2     0.47797
 Number of training cases misclassified =  2
 Predicted class is 0
 ----------------------------
 Node 72: Terminal node
 Class      Number  ClassPrior
 0              11     0.33359
 1               2     0.66641
 Number of training cases misclassified =  11
 Predicted class is 1
 ----------------------------
 Node 73: Terminal node
 Class      Number  ClassPrior
 0              13     1.00000
 1               0     0.00000
 Number of training cases misclassified =  0
 Predicted class is 0
 ----------------------------
 Node 37: Terminal node
 Class      Number  ClassPrior
 0              13     1.00000
 1               0     0.00000
 Number of training cases misclassified =  0
 Predicted class is 0
 ----------------------------
 Node 19: Intermediate node
 A case goes into Node 38 if
-9.7954434E-02 * BX1 + HH <= -1.4137187E+02 or NA
 Linear combination mean: -6.8545E+01
 Class      Number  ClassPrior
 0              84     0.38917
 1              12     0.61083
 Number of training cases misclassified =  84
 Predicted class is 1
 ----------------------------
 Node 38: Terminal node
 Class      Number  ClassPrior
 0              19     0.25698
 1               5     0.74302
 Number of training cases misclassified =  19
 Predicted class is 1
 ----------------------------
 Node 39: Intermediate node
 A case goes into Node 78 if HH <=  4.5850000E+02
 HH mean:  3.9340E+02
 Class      Number  ClassPrior
 0              65     0.45804
 1               7     0.54196
 Number of training cases misclassified =  65
 Predicted class is 1
 ----------------------------
 Node 78: Terminal node
 Class      Number  ClassPrior
 0              53     0.82829
 1               1     0.17171
 Number of training cases misclassified =  1
 Predicted class is 0
 ----------------------------
 Node 79: Terminal node
 Class      Number  ClassPrior
 0              12     0.15400
 1               6     0.84600
 Number of training cases misclassified =  12
 Predicted class is 1
 ----------------------------
 Node 5: Terminal node
 Class      Number  ClassPrior
 0            1528     0.99286
 1               1     0.00714
 Number of training cases misclassified =  1
 Predicted class is 0
 ----------------------------
 Node 3: Intermediate node
 A case goes into Node 6 if KB = NA
 KB mean: -2.5773E-02
 Class      Number  ClassPrior
 0             896     0.28262
 1             207     0.71738
 Number of training cases misclassified =  896
 Predicted class is 1
 ----------------------------
 Node 6: Intermediate node
 A case goes into Node 12 if BARSHP =
  "LCB", "UNK"
 
 BARSHP mode = "FLB"
 Class      Number  ClassPrior
 0             641     0.44084
 1              74     0.55916
 Number of training cases misclassified =  641
 Predicted class is 1
 ----------------------------
 Node 12: Intermediate node
 A case goes into Node 24 if ENGDSP <=  2.2500000E+00 or NA
 ENGDSP mean:  2.8369E+00
 Class      Number  ClassPrior
 0             140     0.20309
 1              50     0.79691
 Number of training cases misclassified =  140
 Predicted class is 1
 ----------------------------
 Node 24: Intermediate node
 A case goes into Node 48 if TKCOND = "OTH"
 
 TKCOND mode = "DRY"
 Class      Number  ClassPrior
 0              55     0.20853
 1              19     0.79147
 Number of training cases misclassified =  55
 Predicted class is 1
 ----------------------------
 Node 48: Terminal node
 Class      Number  ClassPrior
 0               3     0.02658
 1              10     0.97342
 Number of training cases misclassified =  3
 Predicted class is 1
 ----------------------------
 Node 49: Intermediate node
 A case goes into Node 98 if MODELD =
  "CIVIC", "DEFORMABLE IMPACTOR", "GALANT", "GL", "LEGACY", "MIRAGE", "SL1",
  "STYLUS"
 
 MODELD mode = "ACCORD"
 Class      Number  ClassPrior
 0              52     0.34464
 1               9     0.65536
 Number of training cases misclassified =  52
 Predicted class is 1
 ----------------------------
 Node 98: Terminal node
 Class      Number  ClassPrior
 0              13     1.00000
 1               0     0.00000
 Number of training cases misclassified =  0
 Predicted class is 0
 ----------------------------
 Node 99: Intermediate node
 A case goes into Node 198 if MAKED =
  "ACURA", "HONDA", "MAZDA", "MERCEDES"
 
 MAKED mode = "HONDA"
 Class      Number  ClassPrior
 0              39     0.28285
 1               9     0.71715
 Number of training cases misclassified =  39
 Predicted class is 1
 ----------------------------
 Node 198: Terminal node
 Class      Number  ClassPrior
 0              14     1.00000
 1               0     0.00000
 Number of training cases misclassified =  0
 Predicted class is 0
 ----------------------------
 Node 199: Terminal node
 Class      Number  ClassPrior
 0              25     0.20180
 1               9     0.79820
 Number of training cases misclassified =  25
 Predicted class is 1
 ----------------------------
 Node 25: Terminal node
 Class      Number  ClassPrior
 0              85     0.19972
 1              31     0.80028
 Number of training cases misclassified =  85
 Predicted class is 1
 ----------------------------
 Node 13: Intermediate node
 A case goes into Node 26 if SEPOSN = "FW"
 
 SEPOSN mode = "CN"
 Class      Number  ClassPrior
 0             501     0.65517
 1              24     0.34483
 Number of training cases misclassified =  24
 Predicted class is 0
 ----------------------------
 Node 26: Intermediate node
 A case goes into Node 52 if RSTFRT = "0"
 
 RSTFRT mode = "1"
 Class      Number  ClassPrior
 0             182     0.80549
 1               4     0.19451
 Number of training cases misclassified =  4
 Predicted class is 0
 ----------------------------
 Node 52: Terminal node
 Class      Number  ClassPrior
 0              11     0.33359
 1               2     0.66641
 Number of training cases misclassified =  11
 Predicted class is 1
 ----------------------------
 Node 53: Intermediate node
 A case goes into Node 106 if BX8 <=  2.2610000E+03
 BX8 mean:  2.2299E+03
 Class      Number  ClassPrior
 0             171     0.88613
 1               2     0.11387
 Number of training cases misclassified =  2
 Predicted class is 0
 ----------------------------
 Node 106: Intermediate node
 A case goes into Node 212 if TRANSM =
  "AF", "AR"
 
 TRANSM mode = "MF"
 Class      Number  ClassPrior
 0              99     0.81836
 1               2     0.18164
 Number of training cases misclassified =  2
 Predicted class is 0
 ----------------------------
 Node 212: Intermediate node
 A case goes into Node 424 if BX16 <=  2.7985000E+03 or NA
 BX16 mean:  2.7344E+03
 Class      Number  ClassPrior
 0              34     0.60742
 1               2     0.39258
 Number of training cases misclassified =  2
 Predicted class is 0
 ----------------------------
 Node 424: Terminal node
 Class      Number  ClassPrior
 0              22     1.00000
 1               0     0.00000
 Number of training cases misclassified =  0
 Predicted class is 0
 ----------------------------
 Node 425: Terminal node
 Class      Number  ClassPrior
 0              12     0.35321
 1               2     0.64679
 Number of training cases misclassified =  12
 Predicted class is 1
 ----------------------------
 Node 213: Terminal node
 Class      Number  ClassPrior
 0              65     1.00000
 1               0     0.00000
 Number of training cases misclassified =  0
 Predicted class is 0
 ----------------------------
 Node 107: Terminal node
 Class      Number  ClassPrior
 0              72     1.00000
 1               0     0.00000
 Number of training cases misclassified =  0
 Predicted class is 0
 ----------------------------
 Node 27: Intermediate node
 A case goes into Node 54 if CLSSPD <=  5.5600000E+01 or NA
 CLSSPD mean:  4.9909E+01
 Class      Number  ClassPrior
 0             319     0.59212
 1              20     0.40788
 Number of training cases misclassified =  20
 Predicted class is 0
 ----------------------------
 Node 54: Intermediate node
 A case goes into Node 108 if BODY = "VN"
 
 BODY mode = "4S"
 Class      Number  ClassPrior
 0             244     0.88099
 1               3     0.11901
 Number of training cases misclassified =  3
 Predicted class is 0
 ----------------------------
 Node 108: Terminal node
 Class      Number  ClassPrior
 0              15     1.00000
 1               0     0.00000
 Number of training cases misclassified =  0
 Predicted class is 0
 ----------------------------
 Node 109: Intermediate node
 A case goes into Node 218 if BODY =
  "PU", "SW", "UV"
 
 BODY mode = "4S"
 Class      Number  ClassPrior
 0             229     0.87417
 1               3     0.12583
 Number of training cases misclassified =  3
 Predicted class is 0
 ----------------------------
 Node 218: Terminal node
 Class      Number  ClassPrior
 0              25     1.00000
 1               0     0.00000
 Number of training cases misclassified =  0
 Predicted class is 0
 ----------------------------
 Node 219: Terminal node
 Class      Number  ClassPrior
 0             204     0.86090
 1               3     0.13910
 Number of training cases misclassified =  3
 Predicted class is 0
 ----------------------------
 Node 55: Intermediate node
 A case goes into Node 110 if MODELD =
  "740 GLE", "80", "9000", "929", "CHEROKEE", "CORSICA", "EXCEL GLS",
  "LEGEND", "LEMANS", "LESABRE", "MIATA", "TERCEL", "VAN"
 
 MODELD mode = "FOX"
 Class      Number  ClassPrior
 0              75     0.28650
 1              17     0.71350
 Number of training cases misclassified =  75
 Predicted class is 1
 ----------------------------
 Node 110: Terminal node
 Class      Number  ClassPrior
 0              13     1.00000
 1               0     0.00000
 Number of training cases misclassified =  0
 Predicted class is 0
 ----------------------------
 Node 111: Intermediate node
 A case goes into Node 222 if MODELD =
  "FIREBIRD", "HHR", "HIGHLANDER", "HORIZON", "HR-V", "HS250h", "I-MARK",
  "ILX HYBRID", "ILX", "IMPALA", "IMPERIAL", "IMPREZA", "IMPULSE", "IMiEV",
  "INSIGHT", "INTEGRA", "INTREPID", "INTRIGUE", "ION", "IS250", "IS300",
  "J30", "JETTA", "JOURNEY", "JUKE", "JUSTY", "JX", "K1500 PICKUP",
  "K20 PICKUP", "K2500 PICKUP", "KING CAB PICKUP", "KIZASHI", "L200",
  "LACROSSE", "LANCER", "LAND CRUISER", "LASER", "LE BARON", "LE CAR", "LEAF",
  "LEGANZA", "LEGEND", "LEMANS", "LEOPARD", "LESABRE", "LHS", "LIBERTY",
  "LR3", "LS", "LTD", "LUCERNE", "LUMINA", "LUV", "LYNX", "M37", "MAGNUM",
  "MALIBU ECO EASSIST", "MALIBU", "MARK", "MARQUIS", "MATADOR", "MATRIX",
  "MAZDA3", "MAZDA5", "MAZDA6", "MDX", "MEGANE", "MERKUR", "METRO", "MIATA",
  "MIGHTY MAX", "MILLENIA", "MIRADA", "MKC", "MKS", "MKT", "ML320", "ML350",
  "MODEL S", "MONARCH", "MONTANA", "MONTE CARLO", "MONTERO SPORT", "MONTERO",
  "MONZA", "MOTOR HOME", "MPV", "MR2", "MURANO", "MUSTANG", "MX3", "MX5",
  "MX6", "MYSTIQUE", "NAVIGATOR", "NEON", "NEW YORKER", "NEWPORT", "NITRO",
  "NOVA", "NUBIRA", "NX200t", "ODYSSEY", "OMEGA", "OMNI", "OPTIMA", "OTHER",
  "OUTBACK", "OUTLANDER SPORT", "OUTLANDER", "OUTLOOK", "PACIFICA",
  "PARISIENNE", "PARK AVENUE", "PASEO", "PASSAT", "PATHFINDER", "PATRIOT",
  "PILOT", "PRECIS", "PRELUDE", "PREMIER", "PREVIA", "PRIUS C",
  "PRIUS PLUG-IN", "PRIUS V", "PRIUS", "PRIZM", "PROBE", "PT CRUISER",
  "PULSAR", "PUP", "Q5", "Q50", "Q7", "QUANTUM", "QUEST", "RABBIT", "RAM 150",
  "RAM 250 VAN", "RAM WAGON VAN", "RAM", "RAM1500", "RAMPAGE",
  "RANGE ROVER SPORT", "RANGER", "RAV4", "RDX", "REGAL EASSIST", "RELIANT",
  "S80", "SAMURAI", "ST. REGIS", "STARLET", "STEALTH", "STORM", "STRADA",
  "STRATUS", "STS", "STYLUS", "SUBURBAN", "SUMMIT", "SUNBIRD", "SUNDANCE",
  "SUNFIRE", "SWIFT", "SX4", "T100", "T1000", "TACOMA", "TAHOE", "TEMPO",
  "TERCEL", "THUNDERBIRD", "TIBURON", "TIGUAN", "TITAN", "TL", "TOPAZ",
  "TORINO", "TORONADO", "TOUAREG", "TOWN AND COUNTRY", "TOWN CAR", "TRACKER",
  "TRAILBLAZER EXT", "TRAILBLAZER", "TRANSIT CONNECT", "TRANSIT VAN",
  "TRAVERSE", "TREDIA", "TREKKER", "TRIBECA", "TROOPER II", "TROPICA", "TSX",
  "TUCSON", "TUNDRA DOUBLE CAB", "TUNDRA", "TURBO Z", "UPLANDER", "V70",
  "VAMOS L", "VAN", "VANAGON", "VANDURA", "VEGA", "VELOSTER", "VENTURE",
  "VENZA", "VERACRUZ", "VERANO", "VERONA", "VERSA NOTE", "VERSA", "VIGOR",
  "VILLAGER", "VISION", "VITARA", "VITZ", "VOLARE", "VOLT", "VUE", "WAGON R",
  "WAGON", "WINDSTAR"
 
 MODELD mode = "FOX"
 Class      Number  ClassPrior
 0              62     0.24922
 1              17     0.75078
 Number of training cases misclassified =  62
 Predicted class is 1
 ----------------------------
 Node 222: Terminal node
 Class      Number  ClassPrior
 0              12     0.13497
 1               7     0.86503
 Number of training cases misclassified =  12
 Predicted class is 1
 ----------------------------
 Node 223: Intermediate node
 A case goes into Node 446 if MODELD =
  "100", "AMIGO", "BERETTA", "CALAIS", "CAMRY", "CAVALIER", "CELICA", "RX",
  "SABLE", "SHADOW", "SONATA", "STANZA", "STARION"
 
 MODELD mode = "FOX"
 Class      Number  ClassPrior
 0              50     0.31275
 1              10     0.68725
 Number of training cases misclassified =  50
 Predicted class is 1
 ----------------------------
 Node 446: Terminal node
 Class      Number  ClassPrior
 0              13     1.00000
 1               0     0.00000
 Number of training cases misclassified =  0
 Predicted class is 0
 ----------------------------
 Node 447: Intermediate node
 A case goes into Node 894 if TRANSM =
  "AF", "MF"
 
 TRANSM mode = "MF"
 Class      Number  ClassPrior
 0              37     0.25192
 1              10     0.74808
 Number of training cases misclassified =  37
 Predicted class is 1
 ----------------------------
 Node 894: Intermediate node
 A case goes into Node 1788 if TRANSM = "MF"
 
 TRANSM mode = "MF"
 Class      Number  ClassPrior
 0              30     0.47648
 1               3     0.52352
 Number of training cases misclassified =  30
 Predicted class is 1
 ----------------------------
 Node 1788: Terminal node
 Class      Number  ClassPrior
 0              15     0.31275
 1               3     0.68725
 Number of training cases misclassified =  15
 Predicted class is 1
 ----------------------------
 Node 1789: Terminal node
 Class      Number  ClassPrior
 0              15     1.00000
 1               0     0.00000
 Number of training cases misclassified =  0
 Predicted class is 0
 ----------------------------
 Node 895: Terminal node
 Class      Number  ClassPrior
 0               7     0.08342
 1               7     0.91658
 Number of training cases misclassified =  7
 Predicted class is 1
 ----------------------------
 Node 7: Terminal node
 Class      Number  ClassPrior
 0             255     0.14858
 1             133     0.85142
 Number of training cases misclassified =  255
 Predicted class is 1
 ----------------------------
  
 
 Classification matrix for training sample:
 Predicted      True class
 class              0         1
 0               2091         5
 1                469       228
 Total           2560       233
 
 Number of cases used for tree construction: 2793
 Number misclassified: 474
 Resubstitution est. of mean misclassification cost:   0.1023    
 
 LaTeX code for tree is in nhtsa_pass1.tex
 Elapsed time in seconds:    66.76800    
