             GGG   U   U  I  DDDD   EEEE
            G   G  U   U  I  D   D  E
            G      U   U  I  D   D  E
            G  GG  U   U  I  D   D  EEE
            G   G  U   U  I  D   D  E
            G   G  U   U  I  D   D  E
             GGG    UUU   I  DDDD   EEEE
   
 GUIDE Classification and Regression Trees and Forests
 Compiled with Intel Fortran 15.0.1 on Red Hat Enterprise Linux Server 6.8
 Version 24.9 (Build date: March 28, 2017)         
 Copyright (c) 1997-2017 Wei-Yin Loh. All rights reserved.
 This software is based upon work supported by the U.S. Army Research Office,
 the National Science Foundation and the National Institutes of Health.
  
 This job was started on: 04/04/17 at 23:55
  
 Random forest of classification trees
 with random division of missing values
 No pruning
 Data description file: merged.dsc
 Training sample file: merged_nhtsa.txt
 Missing value code: NA
 Records in data file start on line 2
 Warning: N variables changed to S
 Dependent variable is HIC2
 Number of records in data file: 2793
 Length of longest data entry: 19
 Missing values found among categorical variables
 Separate categories will be created for missing categorical variables
 Number of classes: 2
 Warning: variable OCCHT is constant
 Class      #Cases    Proportion
 0            2285    0.91473179
 1             213    0.08526821
  
 Summary information (without x variables)
 d=dependent, b=split and fit cat variable using 0-1 dummies,
 c=split-only categorical, n=split and fit numerical, f=fit-only numerical,
 s=split-only numerical, w=weight
  Column  Name            Minimum      Maximum   #Categories       #Missing
       2  BARRIG     c                                     3
       3  BARSHP     c                                    21
       4  BARANG     s  -3.0000E+01   7.5000E+01                         22
       5  BARDIA     s  -1.0000E+01   1.0000E+03                       1231
       6  OCCTYP     c                                     8
       7  OCCAGE     s   0.0000E+00   9.9000E+01                       1158
       8  OCCSEX     c                                     4
       9  OCCHT      s   0.0000E+00   0.0000E+00                       1682
      10  OCCWT      s   0.0000E+00   7.9000E+01                       1680
      11  DUMSIZ     c                                     8
      12  HH         s   0.0000E+00   4.0770E+03                         73
      13  HW         s   0.0000E+00   6.4100E+03                         62
      14  HR         s  -1.0000E+01   6.0000E+02                         94
      15  HS         s  -3.3500E+02   2.7970E+03                        104
      16  CD         s   0.0000E+00   6.3680E+03                         77
      17  CS         s  -1.0000E+01   1.0000E+03                       1590
      18  AD         s   0.0000E+00   7.6300E+03                         98
      19  HD         s  -1.0000E+01   4.6500E+02                        100
      20  KD         s  -1.0000E+01   4.0100E+02                         53
      21  HB         s  -1.0000E+01   1.0000E+03                       1270
      22  NB         s  -1.0000E+01   1.0000E+03                       1269
      23  CB         s  -1.0000E+01   1.0000E+03                       1271
      24  KB         s  -1.0000E+01   1.0000E+03                       1273
      25  SEPOSN     c                                     5             10
      26  CTRL2      c                                     6              7
      28  TSTCFN     c                                     5
      29  TKSURF     c                                     5              3
      30  TKCOND     c                                     6              3
      31  TEMP       s  -1.8000E+01   7.0000E+01                         19
      32  RECTYP     c                                     6              2
      33  CLSSPD     s   0.0000E+00   9.9100E+01
      34  IMPANG     s  -7.5000E+01   7.5000E+01                          3
      35  OFFSET     s  -7.9500E+02   9.0000E+02                        410
      36  IMPPNT     s  -1.0000E+01   0.0000E+00                       1644
      37  MAKED      c                                    70
      38  MODELD     c                                   633
      40  BODY       c                                    19              5
      41  ENGINE     c                                    18              6
      42  ENGDSP     s   0.0000E+00   9.9900E+01                         35
      43  TRANSM     c                                     9             22
      44  VEHTWT     s   0.0000E+00   8.0560E+03                          4
      45  CURBWT     s   9.6500E+02   3.0960E+03                       2577
      46  WHLBAS     s   0.0000E+00   1.0000E+04                         37
      47  VEHLEN     s   0.0000E+00   1.1250E+04                         17
      48  VEHWID     s  -1.0000E+01   5.8350E+03                        100
      49  VEHCG      s   0.0000E+00   3.4350E+03                         64
      50  STRSEP     c                                     3            494
      51  COLMEC     c                                     9            102
      52  MODIND     c                                     4              7
      53  BX1        s   0.0000E+00   2.5397E+04                        200
      54  BX2        s   0.0000E+00   1.0732E+04                        225
      55  BX3        s   0.0000E+00   1.0001E+05                        226
      56  BX4        s   0.0000E+00   9.5000E+03                        225
      57  BX5        s   0.0000E+00   7.7640E+03                        225
      58  BX6        s   0.0000E+00   9.4870E+03                        224
      59  BX7        s   0.0000E+00   7.6130E+03                        224
      60  BX8        s   0.0000E+00   8.5830E+03                        224
      61  BX9        s   0.0000E+00   7.6770E+03                        224
      62  BX10       s   0.0000E+00   8.5800E+03                        223
      63  BX11       s   0.0000E+00   7.5380E+03                        224
      64  BX12       s   0.0000E+00   9.4690E+03                        223
      65  BX13       s   0.0000E+00   9.4690E+03                        223
      66  BX14       s   0.0000E+00   4.0001E+04                        223
      67  BX15       s   0.0000E+00   9.9110E+03                        226
      68  BX16       s   0.0000E+00   9.2790E+03                        224
      69  BX17       s   0.0000E+00   1.0846E+04                        224
      70  BX18       s   0.0000E+00   1.0831E+04                        223
      71  BX19       s   0.0000E+00   4.2304E+04                        201
      72  BX20       s   0.0000E+00   1.0881E+04                        201
      73  BX21       s   0.0000E+00   1.0846E+04                        228
      74  VEHSPD     s   0.0000E+00   9.9100E+01
      75  CRBANG     s  -7.5000E+01   9.9000E+01                          1
      76  PDOF       s  -3.0000E+01   1.8000E+02                          4
      77  CARANG     s   0.0000E+00   9.9000E+01                        949
      78  VEHOR      s   0.0000E+00   9.0000E+00                        953
      79  RST3PT     c                                     2
      80  RST5PT     c                                     1
      81  RSTABG     c                                     3
      82  RSTAGB     c                                     2
      83  RSTBSS     c                                     1
      84  RSTCSF     c                                     2
      85  RSTCSR     c                                     1
      86  RSTCUR     c                                     2
      87  RSTDAS     c                                     2
      88  RSTDPL     c                                     2
      89  RSTFRT     c                                     3
      90  RSTFSS     c                                     1
      91  RSTHDT     c                                     2
      92  RSTISS     c                                     1
      93  RSTKNE     c                                     2
      94  RSTLAP     c                                     2
      95  RSTNAP     c                                     2
      96  RSTNO      c                                     2
      97  RSTNON     c                                     3
      98  RSTOTH     c                                     2
      99  RSTPS2     c                                     2
     100  RSTPS3     c                                     2
     101  RSTSBK     c                                     2
     102  RSTSCE     c                                     2
     103  RSTSPA     c                                     2
     104  RSTSWE     c                                     2
     105  RSTTAP     c                                     2
     106  RSTTOR     c                                     2
     107  RSTUNK     c                                     2
     108  RSTVES     c                                     1
     109  HIC2       d                                     2
     111  wt         w   0.0000E+00   1.0000E+00
  
      Total  #cases w/   #missing
     #cases    miss. D  ord. vals   #X-var   #N-var   #F-var   #S-var   #B-var   #C-var
       2793          0       2579        4        0        0       56        0       49
 No. cases used for training: 2498
 No. cases excluded due to 0 weight or missing D: 295
  
 Univariate split highest priority
 No interaction and linear splits
 Number of trees in ensemble: 500
 Number of variables used for splitting: 36
 Simple node models
 Estimated priors
 Unit misclassification costs
 Fraction of cases used for splitting each node:  0.40032E-01
 Max. number of split levels: 12
 Min. node sample size: 12
 Mean number of terminal nodes:    40.70    
 
 Classification matrix for training sample:
 Predicted       True class
class              0         1
 0               2270       189
 1                 15        24
 Total           2285       213
 
 Number of cases used for tree construction: 2498
 Number misclassified: 204
 Resubstitution est. of mean misclassification cost:   0.8167E-01
 
 
 Classification matrix for test sample:
 Predicted      True class
class              0         1
 0                272        19
 1                  3         1
 Total            275        20
 
 Number of test cases with 0 weight and nonmissing responses: 295
 Number misclassified among them: 22
 Test-sample estimate of mean misclassification cost:   0.7458E-01
 
 Predicted class probability estimates are stored in merged_nhtsa_forest.fit
 Elapsed time in seconds:    50.81200    
