             GGG   U   U  I  DDDD   EEEE
            G   G  U   U  I  D   D  E
            G      U   U  I  D   D  E
            G  GG  U   U  I  D   D  EEE
            G   G  U   U  I  D   D  E
            G   G  U   U  I  D   D  E
             GGG    UUU   I  DDDD   EEEE
   
 GUIDE Classification and Regression Trees and Forests
 Compiled with Intel Fortran 15.0.1 on Red Hat Enterprise Linux Server 6.8
 Version 24.9 (Build date: March 28, 2017)         
 Copyright (c) 1997-2017 Wei-Yin Loh. All rights reserved.
 This software is based upon work supported by the U.S. Army Research Office,
 the National Science Foundation and the National Institutes of Health.
  
 This job was started on: 04/06/17 at 21:49
  
 Classification tree
 Pruning by cross-validation
 Data description file: merged_driver.dsc
 Training sample file: merged_nhtsa_driver.txt
 Missing value code: NA
 Records in data file start on line 2
 Warning: N variables changed to S
 Dependent variable is HIC2
 Number of records in data file: 3276
 Length of longest data entry: 19
 Missing values found among categorical variables
 Separate categories will be created for missing categorical variables
 Number of classes: 2
 Class      #Cases    Proportion
 0            2999    0.91544567
 1             277    0.08455433
  
 Summary information (without x variables)
 d=dependent, b=split and fit cat variable using 0-1 dummies,
 c=split-only categorical, n=split and fit numerical, f=fit-only numerical,
 s=split-only numerical, w=weight
  Column  Name            Minimum      Maximum   #Categories       #Missing
       2  BARRIG     c                                     3
       3  BARSHP     c                                    21
       4  BARANG     s  -3.0000E+01   9.0000E+01                         14
       5  BARDIA     s  -1.0000E+01   1.0000E+03                       1237
       6  OCCTYP     c                                    13
       7  OCCAGE     s   0.0000E+00   9.9000E+01                       1242
       8  OCCSEX     c                                     4
       9  OCCHT      s   0.0000E+00   1.7500E+02                       1766
      10  OCCWT      s   0.0000E+00   8.3000E+01                       1765
      11  DUMSIZ     c                                     7
      12  HH         s   0.0000E+00   4.3210E+03                         89
      13  HW         s   0.0000E+00   6.3550E+03                         68
      14  HR         s  -1.0000E+01   2.8010E+03                        112
      15  HS         s   0.0000E+00   3.0510E+03                        118
      16  CD         s   0.0000E+00   5.8570E+03                        364
      17  CS         s   0.0000E+00   4.0770E+03                         89
      18  AD         s  -7.0000E+01   7.6250E+03                        111
      19  HD         s  -1.0000E+01   1.0000E+03                        116
      20  KD         s  -1.0000E+01   3.1500E+02                         70
      21  HB         s  -1.0000E+01   1.0000E+03                       1310
      22  NB         s  -1.0000E+01   1.0000E+03                       1313
      23  CB         s  -1.0000E+01   1.0000E+03                       1313
      24  KB         s  -1.0000E+01   1.0000E+03                       1315
      25  SEPOSN     c                                     5             81
      26  CTRL2      c                                     6             81
      29  TKSURF     c                                     5             80
      30  TKCOND     c                                     6             80
      31  TEMP       s  -1.8000E+01   7.0000E+01                         23
      32  RECTYP     c                                     6             79
      33  CLSSPD     s   0.0000E+00   9.9100E+01
      34  IMPANG     s  -9.0000E+01   1.8000E+02                          4
      35  OFFSET     s  -1.0540E+03   9.0000E+02                        459
      36  IMPPNT     s  -6.9000E+02   1.7390E+03                       1693
      37  MAKED      c                                    71
      38  MODELD     c                                   641
      39  BODY       c                                    19              1
      40  ENGINE     c                                    18              3
      41  ENGDSP     s   0.0000E+00   9.9900E+01                         24
      42  TRANSM     c                                     9              6
      43  VEHTWT     s   0.0000E+00   2.3420E+04                          4
      44  CURBWT     s   9.6400E+02   3.0960E+03                       2854
      45  WHLBAS     s   0.0000E+00   1.0000E+04                         30
      46  VEHLEN     s   0.0000E+00   1.1250E+04                          6
      47  VEHWID     s  -1.0000E+01   5.8350E+03                         90
      48  VEHCG      s   0.0000E+00   3.4350E+03                         78
      49  STRSEP     c                                     3            631
      50  COLMEC     c                                     9            248
      51  MODIND     c                                     4             80
      52  BX1        s   0.0000E+00   2.5397E+04                        259
      53  BX2        s   0.0000E+00   1.0732E+04                        288
      54  BX3        s   0.0000E+00   1.0001E+05                        289
      55  BX4        s   0.0000E+00   9.5000E+03                        288
      56  BX5        s   0.0000E+00   7.7640E+03                        288
      57  BX6        s   0.0000E+00   9.4870E+03                        287
      58  BX7        s   0.0000E+00   7.6130E+03                        287
      59  BX8        s   0.0000E+00   8.5830E+03                        287
      60  BX9        s   0.0000E+00   7.6770E+03                        287
      61  BX10       s   0.0000E+00   8.5800E+03                        286
      62  BX11       s   0.0000E+00   7.5380E+03                        287
      63  BX12       s   0.0000E+00   9.4690E+03                        286
      64  BX13       s   0.0000E+00   9.4690E+03                        286
      65  BX14       s   0.0000E+00   4.0001E+04                        286
      66  BX15       s   0.0000E+00   9.9110E+03                        289
      67  BX16       s   0.0000E+00   9.2790E+03                        287
      68  BX17       s   0.0000E+00   1.0846E+04                        287
      69  BX18       s   0.0000E+00   1.0831E+04                        288
      70  BX19       s   0.0000E+00   4.2304E+04                        264
      71  BX20       s   0.0000E+00   1.0881E+04                        264
      72  BX21       s   0.0000E+00   1.0846E+04                        291
      73  VEHSPD     s   0.0000E+00   9.9100E+01                          1
      74  CRBANG     s  -1.6000E+02   1.5000E+02                         24
      75  PDOF       s  -9.0000E+01   1.8000E+02                         23
      76  CARANG     s   0.0000E+00   9.9000E+01                        991
      77  VEHOR      s   0.0000E+00   9.0000E+01                        995
      78  RST3PT     c                                     2
      79  RST5PT     c                                     1
      80  RSTABG     c                                     3
      81  RSTABT     c                                     1
      82  RSTBSS     c                                     1
      83  RSTCSF     c                                     2
      84  RSTCSR     c                                     1
      85  RSTCUR     c                                     3
      86  RSTDPL     c                                     2
      87  RSTFCA     c                                     2
      88  RSTFRT     c                                     3
      89  RSTFSS     c                                     1
      90  RSTHDT     c                                     2
      91  RSTISS     c                                     1
      92  RSTKNE     c                                     2
      93  RSTLAP     c                                     2
      94  RSTNAP     c                                     2
      95  RSTNON     c                                     3
      96  RSTOT      c                                     1
      97  RSTOTH     c                                     2
      98  RSTPEL     c                                     2
      99  RSTPS2     c                                     2
     100  RSTPS3     c                                     2
     101  RSTSBK     c                                     1
     102  RSTSCE     c                                     2
     103  RSTSHE     c                                     1
     104  RSTSPA     c                                     2
     105  RSTSWE     c                                     2
     106  RSTSWN     c                                     2
     107  RSTTAP     c                                     3
     108  RSTTOR     c                                     2
     109  RSTUNK     c                                     3
     110  RSTVES     c                                     1
     111  HIC2       d                                     2
  
      Total  #cases w/   #missing
     #cases    miss. D  ord. vals   #X-var   #N-var   #F-var   #S-var   #B-var   #C-var
       3276          0       2857        5        0        0       56        0       51
 No. cases used for training: 3276
 No. cases excluded due to 0 weight or missing D: 0
  
 Univariate split highest priority
 Interaction and linear splits 2nd and 3rd priorities
 Pruning by v-fold cross-validation, with v = 10
 Selected tree is based on mean of CV estimates
 Simple node models
 Equal priors
 Unit misclassification costs
 Split values for N and S variables based on exhaustive search
 Max. number of split levels: 13
 Min. node sample size: 16
 Number of SE's for pruned tree:  5.0000E-01
  
 Size and CV mean cost and SE of subtrees:
  Tree   #Tnodes  Mean Cost   SE(Mean)   BSE(Mean)  Median Cost  BSE(Median)
    1       57   1.882E-01   1.384E-02   1.057E-02   1.837E-01   1.745E-02
    2       56   1.882E-01   1.384E-02   1.057E-02   1.837E-01   1.745E-02
    3       55   1.882E-01   1.384E-02   1.057E-02   1.837E-01   1.745E-02
    4       54   1.882E-01   1.384E-02   1.057E-02   1.837E-01   1.745E-02
    5       53   1.882E-01   1.384E-02   1.057E-02   1.837E-01   1.745E-02
    6       52   1.882E-01   1.384E-02   1.057E-02   1.837E-01   1.745E-02
    7       51   1.882E-01   1.384E-02   1.057E-02   1.837E-01   1.745E-02
    8       50   1.882E-01   1.384E-02   1.057E-02   1.837E-01   1.745E-02
    9       49   1.882E-01   1.384E-02   1.057E-02   1.837E-01   1.745E-02
   10       48   1.882E-01   1.384E-02   1.057E-02   1.837E-01   1.745E-02
   11       47   1.882E-01   1.384E-02   1.057E-02   1.837E-01   1.745E-02
   12       46   1.882E-01   1.384E-02   1.057E-02   1.837E-01   1.745E-02
   13       45   1.882E-01   1.384E-02   1.057E-02   1.837E-01   1.745E-02
   14       44   1.882E-01   1.384E-02   1.057E-02   1.837E-01   1.745E-02
   15       43   1.882E-01   1.384E-02   1.057E-02   1.837E-01   1.745E-02
   16       42   1.882E-01   1.384E-02   1.057E-02   1.837E-01   1.745E-02
   17*      37   1.667E-01   1.170E-02   9.927E-03   1.681E-01   1.247E-02
   18       34   1.692E-01   1.170E-02   1.014E-02   1.723E-01   1.453E-02
   19       32   1.714E-01   1.158E-02   1.064E-02   1.667E-01   1.650E-02
   20       28   1.695E-01   1.131E-02   1.130E-02   1.667E-01   1.848E-02
   21       25   1.710E-01   1.131E-02   1.137E-02   1.667E-01   1.807E-02
   22**     24   1.707E-01   1.131E-02   1.082E-02   1.667E-01   1.736E-02
   23       22   1.727E-01   1.157E-02   1.102E-02   1.796E-01   1.887E-02
   24       16   1.772E-01   1.158E-02   1.123E-02   1.807E-01   1.439E-02
   25       14   1.789E-01   1.146E-02   1.060E-02   1.843E-01   1.417E-02
   26       13   1.795E-01   1.159E-02   1.008E-02   1.843E-01   1.127E-02
   27        9   1.765E-01   1.122E-02   8.485E-03   1.766E-01   1.021E-02
   28        6   1.748E-01   1.055E-02   9.605E-03   1.805E-01   8.725E-03
   29        5   1.865E-01   1.149E-02   1.222E-02   1.815E-01   1.015E-02
   30        3   1.944E-01   1.177E-02   1.030E-02   1.922E-01   1.005E-02
   31        2   2.103E-01   1.538E-02   1.870E-02   2.015E-01   1.987E-02
   32        1   5.000E-01   2.875E-02   7.826E-17   5.000E-01   7.604E-17
  
 0-SE tree based on mean is marked with *
 0-SE tree based on median is marked with +
 Selected-SE tree based on mean using naive SE is marked with **
 Selected-SE tree based on mean using bootstrap SE is marked with --
 Selected-SE tree based on median and bootstrap SE is marked with ++
 ** tree same as ++ tree
 ** tree same as + tree
 ** tree same as -- tree
 ++ tree same as -- tree
 + tree same as ++ tree
  
 Following tree is based on mean CV with naive SE estimate (**).
  
 Structure of final tree. Each terminal node is marked with a T.
  
 Node cost is node misclassification cost divided by number of training cases
        Node    Total    Train    Predicted        Node    Split          Interacting
       label    cases    cases    class            cost    variables      variable
           1     3276     3276    0              5.000E-01 COLMEC 
           2     2596     2596    0              2.334E-01 OCCTYP 
           4      234      234    1              3.683E-01 BARSHP 
           8T     112      112    1              2.170E-01 SEPOSN 
           9T     122      122    0              2.685E-01 MODELD :HD
           5     2362     2362    0              1.538E-01 OCCAGE 
          10      430      430    0              3.456E-01 RSTFRT 
          20T      68       68    1              2.810E-01 BARSHP 
          21      362      362    0              1.759E-01 OCCSEX :IMPPNT
          42      300      300    0              1.810E-01 STRSEP :IMPPNT
          84      232      232    0              2.233E-01 BODY :ENGINE
         168       40       40    1              4.539E-01 CS +CLSSPD
         336T      24       24    0              0.000E+00 - 
         337T      16       16    1              2.170E-01 - 
         169T     192      192    0              1.023E-01 MODELD :BARSHP
          85T      68       68    0              0.000E+00 - 
          43T      62       62    0              1.507E-01 - 
          11     1932     1932    0              9.709E-02 OCCTYP :OCCSEX
          22      453      453    0              2.276E-01 RSTTAP 
          44      228      228    0              3.756E-01 CS 
          88       57       57    1              3.300E-01 IMPANG 
         176       37       37    0              3.822E-01 MAKED 
         352T      19       19    1              4.398E-01 - 
         353T      18       18    0              0.000E+00 - 
         177T      20       20    1              1.464E-01 - 
          89T     171      171    0              1.620E-01 MODELD :VEHSPD
          45T     225      225    0              0.000E+00 - 
          23     1479     1479    0              4.896E-02 PDOF 
          46     1412     1412    0              2.984E-02 RECTYP 
          92T      60       60    0              0.000E+00 - 
          93     1352     1352    0              3.113E-02 RECTYP 
         186      805      805    0              5.129E-02 ENGINE 
         372       84       84    0              2.862E-01 BODY 
         744T      33       33    0              0.000E+00 - 
         745       51       51    0              4.036E-01 BODY 
        1490T      18       18    0              0.000E+00 - 
        1491       33       33    1              4.802E-01 OCCAGE +WHLBAS
        2982T      17       17    0              0.000E+00 - 
        2983T      16       16    1              2.858E-01 - 
         373T     721      721    0              1.481E-02 - 
         187T     547      547    0              0.000E+00 - 
          47T      67       67    0              3.367E-01 ENGDSP +BX20
           3      680      680    1              1.753E-01 RSTFRT 
           6T     598      598    1              1.533E-01 BARSHP 
           7       82       82    0              3.570E-01 TRANSM :OFFSET
          14T      61       61    0              1.529E-01 - 
          15T      21       21    1              3.566E-01 - 
 Warning: tree very large, omitting node numbers in LaTeX file
  
 Number of terminal nodes of final tree: 24
 Total number of nodes of final tree: 47
 Second best split variable (based on curvature test) at root node is OCCTYP
  
 Classification tree:
 At each categorical variable split, values not in training data go right
  
  Node 1: COLMEC = "BWU", "NA", "NAP", "UNK"
    Node 2: OCCTYP = "E2", "OT", "P5", "S3", "WS"
      Node 4: BARSHP = "LCB", "POL"
        Node 8: 1
      Node 4: BARSHP /= "LCB", "POL"
        Node 9: 0
    Node 2: OCCTYP /= "E2", "OT", "P5", "S3", "WS"
      Node 5: OCCAGE = NA
        Node 10: RSTFRT = "0"
          Node 20: 1
        Node 10: RSTFRT /= "0"
          Node 21: OCCSEX = "M"
            Node 42: STRSEP = "SP", "UN"
              Node 84: BODY = "PU", "VN"
                Node 168:  9.2619264E+00 * CLSSPD + CS <=  8.0383079E+02 or NA
                  Node 336: 0
                Node 168:  9.2619264E+00 * CLSSPD + CS >  8.0383079E+02
                  Node 337: 1
              Node 84: BODY /= "PU", "VN"
                Node 169: 0
            Node 42: STRSEP /= "SP", "UN"
              Node 85: 0
          Node 21: OCCSEX /= "M"
            Node 43: 0
      Node 5: OCCAGE not NA
        Node 11: OCCTYP = "HT", "S2"
          Node 22: RSTTAP = "0"
            Node 44: CS <=  1.77000E+02
              Node 88: IMPANG <=  -82.50000 or NA
                Node 176: MAKED = "BMW", "BUICK", "CHEVROLET", "CODA", "JEEP",
                        "MAZDA", "TOYOTA"
                  Node 352: 1
                Node 176: MAKED /= "BMW", "BUICK", "CHEVROLET", "CODA", "JEEP",
                        "MAZDA", "TOYOTA"
                  Node 353: 0
              Node 88: IMPANG >  -82.50000
                Node 177: 1
            Node 44: CS >  1.77000E+02 or NA
              Node 89: 0
          Node 22: RSTTAP /= "0"
            Node 45: 0
        Node 11: OCCTYP /= "HT", "S2"
          Node 23: PDOF <=  1.05000E+02 or NA
            Node 46: RECTYP = "NA", "UNK"
              Node 92: 0
            Node 46: RECTYP /= "NA", "UNK"
              Node 93: RECTYP = "FMT", "OTH"
                Node 186: ENGINE = "4CIF", "S6IF"
                  Node 372: BODY = "3H", "4S", "VN"
                    Node 744: 0
                  Node 372: BODY /= "3H", "4S", "VN"
                    Node 745: BODY = "2C", "UV"
                      Node 1490: 0
                    Node 745: BODY /= "2C", "UV"
                      Node 1491:  2.3002716E+00 * WHLBAS + OCCAGE <=  6.1544650E+03 or NA
                        Node 2982: 0
                      Node 1491:  2.3002716E+00 * WHLBAS + OCCAGE >  6.1544650E+03
                        Node 2983: 1
                Node 186: ENGINE /= "4CIF", "S6IF"
                  Node 373: 0
              Node 93: RECTYP /= "FMT", "OTH"
                Node 187: 0
          Node 23: PDOF >  1.05000E+02
            Node 47: 0
  Node 1: COLMEC /= "BWU", "NA", "NAP", "UNK"
    Node 3: RSTFRT = "0"
      Node 6: 1
    Node 3: RSTFRT /= "0"
      Node 7: TRANSM = "AF", "AR"
        Node 14: 0
      Node 7: TRANSM /= "AF", "AR"
        Node 15: 1
 
 ***************************************************************
 
 In the following the predictor node mean is mean of complete cases.
  
 Node 1: Intermediate node
 A case goes into Node 2 if COLMEC =
  "BWU", "NA", "NAP", "UNK"
 
 COLMEC mode = "UNK"
 Class      Number  ClassPrior
 0            2999     0.50000
 1             277     0.50000
 Number of training cases misclassified =  277
 Predicted class is 0
 ----------------------------
 Node 2: Intermediate node
 A case goes into Node 4 if OCCTYP =
  "E2", "OT", "P5", "S3", "WS"
 
 OCCTYP mode = "H3"
 Class      Number  ClassPrior
 0            2525     0.76662
 1              71     0.23338
 Number of training cases misclassified =  71
 Predicted class is 0
 ----------------------------
 Node 4: Intermediate node
 A case goes into Node 8 if BARSHP =
  "LCB", "POL"
 
 BARSHP mode = "FLB"
 Class      Number  ClassPrior
 0             202     0.36831
 1              32     0.63169
 Number of training cases misclassified =  202
 Predicted class is 1
 ----------------------------
 Node 8: Terminal node
 Class      Number  ClassPrior
 0              84     0.21697
 1              28     0.78303
 Number of training cases misclassified =  84
 Predicted class is 1
 ----------------------------
 Node 9: Terminal node
 Class      Number  ClassPrior
 0             118     0.73152
 1               4     0.26848
 Number of training cases misclassified =  4
 Predicted class is 0
 ----------------------------
 Node 5: Intermediate node
 A case goes into Node 10 if OCCAGE = NA
 OCCAGE mean:  2.7056E+01
 Class      Number  ClassPrior
 0            2323     0.84619
 1              39     0.15381
 Number of training cases misclassified =  39
 Predicted class is 0
 ----------------------------
 Node 10: Intermediate node
 A case goes into Node 20 if RSTFRT = "0"
 
 RSTFRT mode = "1"
 Class      Number  ClassPrior
 0             410     0.65439
 1              20     0.34561
 Number of training cases misclassified =  20
 Predicted class is 0
 ----------------------------
 Node 20: Terminal node
 Class      Number  ClassPrior
 0              55     0.28097
 1              13     0.71903
 Number of training cases misclassified =  55
 Predicted class is 1
 ----------------------------
 Node 21: Intermediate node
 A case goes into Node 42 if OCCSEX = "M"
 
 OCCSEX mode = "M"
 Class      Number  ClassPrior
 0             355     0.82407
 1               7     0.17593
 Number of training cases misclassified =  7
 Predicted class is 0
 ----------------------------
 Node 42: Intermediate node
 A case goes into Node 84 if STRSEP =
  "SP", "UN"
 
 STRSEP mode = "UN"
 Class      Number  ClassPrior
 0             294     0.81903
 1               6     0.18097
 Number of training cases misclassified =  6
 Predicted class is 0
 ----------------------------
 Node 84: Intermediate node
 A case goes into Node 168 if BODY =
  "PU", "VN"
 
 BODY mode = "4S"
 Class      Number  ClassPrior
 0             226     0.77674
 1               6     0.22326
 Number of training cases misclassified =  6
 Predicted class is 0
 ----------------------------
 Node 168: Intermediate node
 A case goes into Node 336 if
 9.2619264E+00 * CLSSPD + CS <=  8.0383079E+02 or NA
 Linear combination mean:  7.8463E+02
 Class      Number  ClassPrior
 0              36     0.45393
 1               4     0.54607
 Number of training cases misclassified =  36
 Predicted class is 1
 ----------------------------
 Node 336: Terminal node
 Class      Number  ClassPrior
 0              24     1.00000
 1               0     0.00000
 Number of training cases misclassified =  0
 Predicted class is 0
 ----------------------------
 Node 337: Terminal node
 Class      Number  ClassPrior
 0              12     0.21697
 1               4     0.78303
 Number of training cases misclassified =  12
 Predicted class is 1
 ----------------------------
 Node 169: Terminal node
 Class      Number  ClassPrior
 0             190     0.89769
 1               2     0.10231
 Number of training cases misclassified =  2
 Predicted class is 0
 ----------------------------
 Node 85: Terminal node
 Class      Number  ClassPrior
 0              68     1.00000
 1               0     0.00000
 Number of training cases misclassified =  0
 Predicted class is 0
 ----------------------------
 Node 43: Terminal node
 Class      Number  ClassPrior
 0              61     0.84927
 1               1     0.15073
 Number of training cases misclassified =  1
 Predicted class is 0
 ----------------------------
 Node 11: Intermediate node
 A case goes into Node 22 if OCCTYP =
  "HT", "S2"
 
 OCCTYP mode = "H3"
 Class      Number  ClassPrior
 0            1913     0.90291
 1              19     0.09709
 Number of training cases misclassified =  19
 Predicted class is 0
 ----------------------------
 Node 22: Intermediate node
 A case goes into Node 44 if RSTTAP = "0"
 
 RSTTAP mode = "0"
 Class      Number  ClassPrior
 0             441     0.77244
 1              12     0.22756
 Number of training cases misclassified =  12
 Predicted class is 0
 ----------------------------
 Node 44: Intermediate node
 A case goes into Node 88 if CS <=  1.7700000E+02
 CS mean:  2.3893E+02
 Class      Number  ClassPrior
 0             216     0.62442
 1              12     0.37558
 Number of training cases misclassified =  12
 Predicted class is 0
 ----------------------------
 Node 88: Intermediate node
 A case goes into Node 176 if IMPANG <= -8.2500000E+01 or NA
 IMPANG mean: -7.9474E+01
 Class      Number  ClassPrior
 0              48     0.33003
 1               9     0.66997
 Number of training cases misclassified =  48
 Predicted class is 1
 ----------------------------
 Node 176: Intermediate node
 A case goes into Node 352 if MAKED =
  "BMW", "BUICK", "CHEVROLET", "CODA", "JEEP", "MAZDA", "TOYOTA"
 
 MAKED mode = "TOYOTA"
 Class      Number  ClassPrior
 0              35     0.61779
 1               2     0.38221
 Number of training cases misclassified =  2
 Predicted class is 0
 ----------------------------
 Node 352: Terminal node
 Class      Number  ClassPrior
 0              17     0.43981
 1               2     0.56019
 Number of training cases misclassified =  17
 Predicted class is 1
 ----------------------------
 Node 353: Terminal node
 Class      Number  ClassPrior
 0              18     1.00000
 1               0     0.00000
 Number of training cases misclassified =  0
 Predicted class is 0
 ----------------------------
 Node 177: Terminal node
 Class      Number  ClassPrior
 0              13     0.14642
 1               7     0.85358
 Number of training cases misclassified =  13
 Predicted class is 1
 ----------------------------
 Node 89: Terminal node
 Class      Number  ClassPrior
 0             168     0.83799
 1               3     0.16201
 Number of training cases misclassified =  3
 Predicted class is 0
 ----------------------------
 Node 45: Terminal node
 Class      Number  ClassPrior
 0             225     1.00000
 1               0     0.00000
 Number of training cases misclassified =  0
 Predicted class is 0
 ----------------------------
 Node 23: Intermediate node
 A case goes into Node 46 if PDOF <=  1.0500000E+02 or NA
 PDOF mean:  7.6065E+00
 Class      Number  ClassPrior
 0            1472     0.95104
 1               7     0.04896
 Number of training cases misclassified =  7
 Predicted class is 0
 ----------------------------
 Node 46: Intermediate node
 A case goes into Node 92 if RECTYP =
  "NA", "UNK"
 
 RECTYP mode = "OTH"
 Class      Number  ClassPrior
 0            1408     0.97016
 1               4     0.02984
 Number of training cases misclassified =  4
 Predicted class is 0
 ----------------------------
 Node 92: Terminal node
 Class      Number  ClassPrior
 0              60     1.00000
 1               0     0.00000
 Number of training cases misclassified =  0
 Predicted class is 0
 ----------------------------
 Node 93: Intermediate node
 A case goes into Node 186 if RECTYP =
  "FMT", "OTH"
 
 RECTYP mode = "OTH"
 Class      Number  ClassPrior
 0            1348     0.96887
 1               4     0.03113
 Number of training cases misclassified =  4
 Predicted class is 0
 ----------------------------
 Node 186: Intermediate node
 A case goes into Node 372 if ENGINE =
  "4CIF", "S6IF"
 
 ENGINE mode = "4CTF"
 Class      Number  ClassPrior
 0             801     0.94871
 1               4     0.05129
 Number of training cases misclassified =  4
 Predicted class is 0
 ----------------------------
 Node 372: Intermediate node
 A case goes into Node 744 if BODY =
  "3H", "4S", "VN"
 
 BODY mode = "4S"
 Class      Number  ClassPrior
 0              81     0.71378
 1               3     0.28622
 Number of training cases misclassified =  3
 Predicted class is 0
 ----------------------------
 Node 744: Terminal node
 Class      Number  ClassPrior
 0              33     1.00000
 1               0     0.00000
 Number of training cases misclassified =  0
 Predicted class is 0
 ----------------------------
 Node 745: Intermediate node
 A case goes into Node 1490 if BODY =
  "2C", "UV"
 
 BODY mode = "PU"
 Class      Number  ClassPrior
 0              48     0.59642
 1               3     0.40358
 Number of training cases misclassified =  3
 Predicted class is 0
 ----------------------------
 Node 1490: Terminal node
 Class      Number  ClassPrior
 0              18     1.00000
 1               0     0.00000
 Number of training cases misclassified =  0
 Predicted class is 0
 ----------------------------
 Node 1491: Intermediate node
 A case goes into Node 2982 if
 2.3002716E+00 * WHLBAS + OCCAGE <=  6.1544650E+03 or NA
 Linear combination mean:  6.2864E+03
 Class      Number  ClassPrior
 0              30     0.48015
 1               3     0.51985
 Number of training cases misclassified =  30
 Predicted class is 1
 ----------------------------
 Node 2982: Terminal node
 Class      Number  ClassPrior
 0              17     1.00000
 1               0     0.00000
 Number of training cases misclassified =  0
 Predicted class is 0
 ----------------------------
 Node 2983: Terminal node
 Class      Number  ClassPrior
 0              13     0.28584
 1               3     0.71416
 Number of training cases misclassified =  13
 Predicted class is 1
 ----------------------------
 Node 373: Terminal node
 Class      Number  ClassPrior
 0             720     0.98519
 1               1     0.01481
 Number of training cases misclassified =  1
 Predicted class is 0
 ----------------------------
 Node 187: Terminal node
 Class      Number  ClassPrior
 0             547     1.00000
 1               0     0.00000
 Number of training cases misclassified =  0
 Predicted class is 0
 ----------------------------
 Node 47: Terminal node
 Class      Number  ClassPrior
 0              64     0.66335
 1               3     0.33665
 Number of training cases misclassified =  3
 Predicted class is 0
 ----------------------------
 Node 3: Intermediate node
 A case goes into Node 6 if RSTFRT = "0"
 
 RSTFRT mode = "0"
 Class      Number  ClassPrior
 0             474     0.17528
 1             206     0.82472
 Number of training cases misclassified =  474
 Predicted class is 1
 ----------------------------
 Node 6: Terminal node
 Class      Number  ClassPrior
 0             396     0.15331
 1             202     0.84669
 Number of training cases misclassified =  396
 Predicted class is 1
 ----------------------------
 Node 7: Intermediate node
 A case goes into Node 14 if TRANSM =
  "AF", "AR"
 
 TRANSM mode = "AR"
 Class      Number  ClassPrior
 0              78     0.64300
 1               4     0.35700
 Number of training cases misclassified =  4
 Predicted class is 0
 ----------------------------
 Node 14: Terminal node
 Class      Number  ClassPrior
 0              60     0.84714
 1               1     0.15286
 Number of training cases misclassified =  1
 Predicted class is 0
 ----------------------------
 Node 15: Terminal node
 Class      Number  ClassPrior
 0              18     0.35658
 1               3     0.64342
 Number of training cases misclassified =  18
 Predicted class is 1
 ----------------------------
  
 
 Classification matrix for training sample:
 Predicted      True class
 class              0         1
 0               2391        15
 1                608       262
 Total           2999       277
 
 Number of cases used for tree construction: 3276
 Number misclassified: 623
 Resubstitution est. of mean misclassification cost:   0.1284    
 
 LaTeX code for tree is in nhtsa_driver1.tex
 Elapsed time in seconds:    22.70000    
