nohup: ignoring input

Attaching package: ‘dplyr’

The following object is masked from ‘package:MASS’:

    select

The following objects are masked from ‘package:stats’:

    filter, lag

The following objects are masked from ‘package:base’:

    intersect, setdiff, setequal, union

Loading required package: randomForest
randomForest 4.6-12
Type rfNews() to see new features/changes/bug fixes.

Attaching package: ‘randomForest’

The following object is masked from ‘package:dplyr’:

    combine

Loading required package: foreach
Loading required package: itertools
Loading required package: iterators
Loading required package: methods
Loading required package: grid
Loading required package: mvtnorm
Loading required package: modeltools
Loading required package: stats4
Loading required package: strucchange
Loading required package: zoo

Attaching package: ‘zoo’

The following objects are masked from ‘package:base’:

    as.Date, as.Date.numeric

Loading required package: sandwich
Loading required package: Matrix
Loaded glmnet 2.0-5

[1] "rpart done"
  missForest iteration 1 in progress...done!
  missForest iteration 1 in progress...done!
[1] "rF done"
[1] "ct done"
[1] "glm done"
[1] "lm done"
[1] "lmcon done"
[1] "lda done"
[1] "qda done"
[1] "svm done"
[1] "rpart done"
  missForest iteration 1 in progress...done!
  missForest iteration 1 in progress...done!
[1] "rF done"
[1] "ct done"
[1] "glm done"
[1] "lm done"
[1] "lmcon done"
[1] "lda done"
[1] "qda done"
[1] "svm done"
[1] "rpart done"
  missForest iteration 1 in progress...done!
  missForest iteration 1 in progress...done!
[1] "rF done"
[1] "ct done"
[1] "glm done"
[1] "lm done"
[1] "lmcon done"
[1] "lda done"
[1] "qda done"
[1] "svm done"
[1] "rpart done"
  missForest iteration 1 in progress...done!
  missForest iteration 1 in progress...done!
[1] "rF done"
[1] "ct done"
[1] "glm done"
[1] "lm done"
[1] "lmcon done"
[1] "lda done"
[1] "qda done"
[1] "svm done"
[1] "rpart done"
  missForest iteration 1 in progress...done!
  missForest iteration 1 in progress...done!
[1] "rF done"
[1] "ct done"
[1] "glm done"
[1] "lm done"
[1] "lmcon done"
[1] "lda done"
[1] "qda done"
[1] "svm done"
[1] "rpart done"
  missForest iteration 1 in progress...done!
  missForest iteration 1 in progress...done!
[1] "rF done"
[1] "ct done"
[1] "glm done"
[1] "lm done"
[1] "lmcon done"
[1] "lda done"
[1] "qda done"
[1] "svm done"
[1] "rpart done"
  missForest iteration 1 in progress...done!
  missForest iteration 1 in progress...done!
[1] "rF done"
[1] "ct done"
[1] "glm done"
[1] "lm done"
[1] "lmcon done"
[1] "lda done"
[1] "qda done"
[1] "svm done"
[1] "rpart done"
  missForest iteration 1 in progress...done!
  missForest iteration 1 in progress...done!
[1] "rF done"
[1] "ct done"
[1] "glm done"
[1] "lm done"
[1] "lmcon done"
[1] "lda done"
[1] "qda done"
[1] "svm done"
[1] "rpart done"
  missForest iteration 1 in progress...done!
  missForest iteration 1 in progress...done!
[1] "rF done"
[1] "ct done"
[1] "glm done"
[1] "lm done"
[1] "lmcon done"
[1] "lda done"
[1] "qda done"
[1] "svm done"
[1] "rpart done"
  missForest iteration 1 in progress...done!
  missForest iteration 1 in progress...done!
[1] "rF done"
[1] "ct done"
[1] "glm done"
[1] "lm done"
[1] "lmcon done"
[1] "lda done"
[1] "qda done"
[1] "svm done"
Warning message:
In data.row.names(row.names, rowsi, i) :
  some row.names duplicated: 2936,2937,2938,2939,2940,2941,2942,2943,2944,2945,2946,2947,2948,2949,2950,2951,2952,2953,2954,2955,2956,2957,2958,2959,2960,2961,2962,2963,2964,2965,2966,2967,2968,2969,2970,2971,2972,2973,2974,2975,2976,2977,2978,2979,2980,2981,2982,2983,2984,2985,2986,2987,2988,2989,2990,2991,2992,2993,2994,2995,2996,2997,2998,2999,3000,3001,3002,3003,3004,3005,3006,3007,3008,3009,3010,3011,3012,3013,3014,3015,3016,3017,3018,3019,3020,3021,3022,3023,3024,3025,3026,3027,3028,3029,3030,3031,3032,3033,3034,3035,3036,3037,3038,3039,3040,3041,3042,3043,3044,3045,3046,3047,3048,3049,3050,3051,3052,3053,3054,3055,3056,3057,3058,3059,3060,3061,3062,3063,3064,3065,3066,3067,3068,3069,3070,3071,3072,3073,3074,3075,3076,3077,3078,3079,3080,3081,3082,3083,3084,3085,3086,3087,3088,3089,3090,3091,3092,3093,3094,3095,3096,3097,3098,3099,3100,3101,3102,3103,3104,3105,3106,3107,3108,3109,3110,3111,3112,3113,3114,3115,3116,3117,3118,3119,3120,3121,3122,3123,3124,3125,3126,3127,3128,3129,313 [... truncated]
